[30/5/2024, 20:48:33] ERROR: {"status":404,"message":"No existe el recurso solicitado /api/auth/register"}
[30/5/2024, 20:53:26] ERROR: {"message":"No existe el recurso solicitado /api/auth/register"}
[30/5/2024, 20:54:37] ERROR: {"status":500,"message":"No existe el recurso solicitado /api/auth/register"}
[30/5/2024, 20:59:03] ERROR: {"status":404,"message":"No existe el recurso solicitado /api/auth/register","method":"GET","route":"/api/auth/register","body":{},"params":{},"query":{}}
[30/5/2024, 21:00:34] ERROR: {"status":404,"message":"No existe el recurso solicitado /api/auth/register"}
[30/5/2024, 21:01:41] ERROR: {"status":404,"message":"No existe el recurso solicitado /api/auth/register","method":"GET","route":"/api/auth/register","body":{},"params":{},"query":{}}
[30/5/2024, 21:05:50] ERROR: {"status":404,"message":"No existe el recurso solicitado /api/auth/register","method":"GET"}
[30/5/2024, 21:06:04] ERROR: {"status":500,"message":"No existe el recurso solicitado /api/auth/register","method":"POST","route":"/api/auth/register","body":{},"params":{},"query":{}}
[30/5/2024, 21:08:22] ERROR: {"status":500,"message":"No existe el recurso solicitado /api/auth/register","method":"POST","route":"/api/auth/register","body":{"firstName":"Dylan","lastName":"Erdini","number":"123"},"params":{},"query":{}}
[30/5/2024, 21:09:12] ERROR: {"status":500,"message":"No existe el recurso solicitado /api/auth/register","method":"POST","route":"/api/auth/register","body":{"firstName":"Dylan","lastName":"Erdini","number":"123"},"params":{},"query":{}}
[30/5/2024, 21:10:24] ERROR: {"status":500,"message":"No existe el recurso solicitado /api/auth/register","method":"POST","route":"/api/auth/register","body":{"firstName":"Dylan","lastName":"Erdini","number":"123"},"params":{},"query":{}}
[30/5/2024, 21:11:56] ERROR: {"status":500,"message":"No existe el recurso solicitado /api/auth/register","method":"POST","route":"/api/auth/register","body":{"firstName":"Dylan","lastName":"Erdini","number":"123"},"params":{},"query":{}}
[30/5/2024, 21:13:23] ERROR: {"status":500,"message":"No existe el recurso solicitado /api/auth/register","method":"POST","route":"/api/auth/register","body":{"firstName":"Dylan","lastName":"Erdini","number":"123"},"params":{},"query":{}}
[31/5/2024, 19:02:59] ERROR: {"status":404,"message":"No existe el recurso solicitado /nahuek","method":"GET"}
[31/5/2024, 19:03:00] ERROR: {"status":404,"message":"No existe el recurso solicitado /favicon.ico","method":"GET"}
[31/5/2024, 19:03:02] ERROR: {"status":404,"message":"No existe el recurso solicitado /nahuel","method":"GET"}
[31/5/2024, 19:03:04] ERROR: {"status":404,"message":"No existe el recurso solicitado /nahuel","method":"GET"}
[31/5/2024, 20:22:27] ERROR: {"status":500,"message":"No existe el recurso solicitado /api/auth/register","method":"POST","route":"/api/auth/register","body":{"firstName":"Dylan","lastName":"Erdini","number":"123"},"params":{},"query":{}}
[31/5/2024, 20:23:32] ERROR: {"status":500,"message":"No existe el recurso solicitado /api/auth/register","method":"POST","route":"/api/auth/register","body":{"firstName":"Dylan","lastName":"Erdini","number":"123"},"params":{},"query":{}}
[31/5/2024, 20:43:35] ERROR: {"status":400,"message":"No existe el recurso solicitado /api/auth/register","method":"POST","route":"/api/auth/register","body":{"firstName":"Dylan","lastName":"Erdini","number":"123"},"params":{},"query":{}}
[31/5/2024, 20:47:29] ERROR: {"status":404,"message":"No existe el recurso solicitado /api/auth/login","method":"POST","route":"/api/auth/login","body":{"firstName":"Dyalan","lastName":"Erdini","number":"123"},"params":{},"query":{}}
[31/5/2024, 21:34:09] ERROR: {"status":500,"message":"No existe el recurso solicitado /api/auth/register","method":"POST","route":"/api/auth/register","body":{"firstName":"Dylan","lastName":"Erdini","number":"123","password":"tintin123"},"params":{},"query":{}}
[31/5/2024, 21:43:05] ERROR: {"status":400,"message":"No existe el recurso solicitado /api/auth/register","method":"POST","route":"/api/auth/register","body":{"firstName":"Dylan","lastName":"Erdini","number":"123","password":"tintin123"},"params":{},"query":{}}
[31/5/2024, 21:43:20] ERROR: {"status":500,"message":"No existe el recurso solicitado /api/auth/login","method":"POST","route":"/api/auth/login","body":{"number":"123","password":"tintin123"},"params":{},"query":{}}
[31/5/2024, 21:43:35] ERROR: {"status":500,"message":"No existe el recurso solicitado /api/auth/login","method":"POST","route":"/api/auth/login","body":{"number":"123","password":"tintin123"},"params":{},"query":{}}
[1/6/2024, 17:12:01] ERROR: {"status":404,"message":"No existe el recurso solicitado /api/nahuel","method":"GET"}
[1/6/2024, 17:12:02] ERROR: {"status":404,"message":"No existe el recurso solicitado /favicon.ico","method":"GET"}
[1/6/2024, 17:13:01] ERROR: {"status":404,"message":"No existe el recurso solicitado /api/auth/forgot-password","method":"POST"}
[1/6/2024, 17:13:55] ERROR: {"status":500,"message":"No existe el recurso solicitado /api/auth/forgot-password","method":"POST","route":"/api/auth/forgot-password","body":{"password":"tintin"},"params":{},"query":{}}
[1/6/2024, 17:18:02] ERROR: {"status":404,"message":"No existe el recurso solicitado /api/auth/forgot-password","method":"POST"}
[1/6/2024, 17:18:26] ERROR: {"status":500,"message":"No existe el recurso solicitado /api/auth/forgot-password/012","method":"POST","route":"/api/auth/forgot-password/012","body":{"password":"tintin"},"params":{},"query":{}}
[1/6/2024, 17:26:04] ERROR: {"status":404,"message":"No existe el recurso solicitado /api/auth/forgot-password/012","method":"POST","route":"/api/auth/forgot-password/012","body":{"password":"tintin"},"params":{},"query":{}}
[1/6/2024, 17:26:09] ERROR: {"status":500,"message":"No existe el recurso solicitado /api/auth/forgot-password/123","method":"POST","route":"/api/auth/forgot-password/123","body":{"password":"tintin"},"params":{},"query":{}}
[1/6/2024, 17:27:57] ERROR: {"status":500,"message":"No existe el recurso solicitado /api/auth/forgot-password/123","method":"POST","route":"/api/auth/forgot-password/123","body":{"password":"tintin"},"params":{},"query":{}}
[1/6/2024, 17:28:31] ERROR: {"status":500,"message":"No existe el recurso solicitado /api/auth/forgot-password/123","method":"POST","route":"/api/auth/forgot-password/123","body":{"password":"tintin"},"params":{},"query":{}}
[1/6/2024, 17:29:06] ERROR: {"status":500,"message":"No existe el recurso solicitado /api/auth/forgot-password/123","method":"POST","route":"/api/auth/forgot-password/123","body":{"password":"tintin"},"params":{},"query":{}}
[1/6/2024, 17:32:43] ERROR: {"status":401,"message":"No existe el recurso solicitado /api/auth/login","method":"POST","route":"/api/auth/login","body":{"number":"123","password":"tintin123"},"params":{},"query":{}}
